# JRE version: Java(TM) SE Runtime Environment (8.0_221-b11) (build 1.8.0_221-b11)
# Java VM: Java HotSpot(TM) 64-Bit Server VM (25.221-b11 mixed mode windows-amd64 compressed oops)
Heap:
 PSYoungGen      total 59904K, used 10105K [0x00000000d5f00000, 0x00000000da380000, 0x0000000100000000)
  eden space 51712K, 11% used [0x00000000d5f00000,0x00000000d64ddfa0,0x00000000d9180000)
  from space 8192K, 50% used [0x00000000d9b80000,0x00000000d9f80710,0x00000000da380000)
  to   space 9216K, 0% used [0x00000000d9180000,0x00000000d9180000,0x00000000d9a80000)
 ParOldGen       total 58368K, used 7573K [0x0000000081c00000, 0x0000000085500000, 0x00000000d5f00000)
  object space 58368K, 12% used [0x0000000081c00000,0x0000000082365518,0x0000000085500000)
 Metaspace       used 24551K, capacity 26326K, committed 26416K, reserved 1073152K
  class space    used 3228K, capacity 3567K, committed 3632K, reserved 1048576K
GC Heap History (10 events):
Event: 1.548 GC heap before
{Heap before GC invocations=3 (full 0):
 PSYoungGen      total 38400K, used 38379K [0x00000000d5f00000, 0x00000000d8980000, 0x0000000100000000)
  eden space 33280K, 100% used [0x00000000d5f00000,0x00000000d7f80000,0x00000000d7f80000)
  from space 5120K, 99% used [0x00000000d8480000,0x00000000d897afb0,0x00000000d8980000)
  to   space 5120K, 0% used [0x00000000d7f80000,0x00000000d7f80000,0x00000000d8480000)
 ParOldGen       total 87552K, used 459K [0x0000000081c00000, 0x0000000087180000, 0x00000000d5f00000)
  object space 87552K, 0% used [0x0000000081c00000,0x0000000081c72fd0,0x0000000087180000)
 Metaspace       used 16636K, capacity 18074K, committed 18176K, reserved 1064960K
  class space    used 2207K, capacity 2467K, committed 2560K, reserved 1048576K
Event: 1.556 GC heap after
Heap after GC invocations=3 (full 0):
 PSYoungGen      total 38400K, used 5119K [0x00000000d5f00000, 0x00000000d8980000, 0x0000000100000000)
  eden space 33280K, 0% used [0x00000000d5f00000,0x00000000d5f00000,0x00000000d7f80000)
  from space 5120K, 99% used [0x00000000d7f80000,0x00000000d847ff90,0x00000000d8480000)
  to   space 5120K, 0% used [0x00000000d8480000,0x00000000d8480000,0x00000000d8980000)
 ParOldGen       total 87552K, used 2467K [0x0000000081c00000, 0x0000000087180000, 0x00000000d5f00000)
  object space 87552K, 2% used [0x0000000081c00000,0x0000000081e68c10,0x0000000087180000)
 Metaspace       used 16636K, capacity 18074K, committed 18176K, reserved 1064960K
  class space    used 2207K, capacity 2467K, committed 2560K, reserved 1048576K
}
Event: 1.684 GC heap before
{Heap before GC invocations=4 (full 0):
 PSYoungGen      total 38400K, used 30380K [0x00000000d5f00000, 0x00000000d8980000, 0x0000000100000000)
  eden space 33280K, 75% used [0x00000000d5f00000,0x00000000d77ab440,0x00000000d7f80000)
  from space 5120K, 99% used [0x00000000d7f80000,0x00000000d847ff90,0x00000000d8480000)
  to   space 5120K, 0% used [0x00000000d8480000,0x00000000d8480000,0x00000000d8980000)
 ParOldGen       total 87552K, used 2467K [0x0000000081c00000, 0x0000000087180000, 0x00000000d5f00000)
  object space 87552K, 2% used [0x0000000081c00000,0x0000000081e68c10,0x0000000087180000)
 Metaspace       used 19795K, capacity 21210K, committed 21296K, reserved 1067008K
  class space    used 2549K, capacity 2825K, committed 2864K, reserved 1048576K
Event: 1.691 GC heap after
Heap after GC invocations=4 (full 0):
 PSYoungGen      total 38400K, used 5101K [0x00000000d5f00000, 0x00000000d8980000, 0x0000000100000000)
  eden space 33280K, 0% used [0x00000000d5f00000,0x00000000d5f00000,0x00000000d7f80000)
  from space 5120K, 99% used [0x00000000d8480000,0x00000000d897b610,0x00000000d8980000)
  to   space 5120K, 0% used [0x00000000d7f80000,0x00000000d7f80000,0x00000000d8480000)
 ParOldGen       total 87552K, used 5039K [0x0000000081c00000, 0x0000000087180000, 0x00000000d5f00000)
  object space 87552K, 5% used [0x0000000081c00000,0x00000000820ebf50,0x0000000087180000)
 Metaspace       used 19795K, capacity 21210K, committed 21296K, reserved 1067008K
  class space    used 2549K, capacity 2825K, committed 2864K, reserved 1048576K
}
Event: 1.691 GC heap before
{Heap before GC invocations=5 (full 1):
 PSYoungGen      total 38400K, used 5101K [0x00000000d5f00000, 0x00000000d8980000, 0x0000000100000000)
  eden space 33280K, 0% used [0x00000000d5f00000,0x00000000d5f00000,0x00000000d7f80000)
  from space 5120K, 99% used [0x00000000d8480000,0x00000000d897b610,0x00000000d8980000)
  to   space 5120K, 0% used [0x00000000d7f80000,0x00000000d7f80000,0x00000000d8480000)
 ParOldGen       total 87552K, used 5039K [0x0000000081c00000, 0x0000000087180000, 0x00000000d5f00000)
  object space 87552K, 5% used [0x0000000081c00000,0x00000000820ebf50,0x0000000087180000)
 Metaspace       used 19795K, capacity 21210K, committed 21296K, reserved 1067008K
  class space    used 2549K, capacity 2825K, committed 2864K, reserved 1048576K
Event: 1.717 GC heap after
Heap after GC invocations=5 (full 1):
 PSYoungGen      total 38400K, used 0K [0x00000000d5f00000, 0x00000000d8980000, 0x0000000100000000)
  eden space 33280K, 0% used [0x00000000d5f00000,0x00000000d5f00000,0x00000000d7f80000)
  from space 5120K, 0% used [0x00000000d8480000,0x00000000d8480000,0x00000000d8980000)
  to   space 5120K, 0% used [0x00000000d7f80000,0x00000000d7f80000,0x00000000d8480000)
 ParOldGen       total 58368K, used 7501K [0x0000000081c00000, 0x0000000085500000, 0x00000000d5f00000)
  object space 58368K, 12% used [0x0000000081c00000,0x00000000823534e0,0x0000000085500000)
 Metaspace       used 19795K, capacity 21210K, committed 21296K, reserved 1067008K
  class space    used 2549K, capacity 2825K, committed 2864K, reserved 1048576K
}
Event: 1.893 GC heap before
{Heap before GC invocations=6 (full 1):
 PSYoungGen      total 38400K, used 33280K [0x00000000d5f00000, 0x00000000d8980000, 0x0000000100000000)
  eden space 33280K, 100% used [0x00000000d5f00000,0x00000000d7f80000,0x00000000d7f80000)
  from space 5120K, 0% used [0x00000000d8480000,0x00000000d8480000,0x00000000d8980000)
  to   space 5120K, 0% used [0x00000000d7f80000,0x00000000d7f80000,0x00000000d8480000)
 ParOldGen       total 58368K, used 7553K [0x0000000081c00000, 0x0000000085500000, 0x00000000d5f00000)
  object space 58368K, 12% used [0x0000000081c00000,0x0000000082360548,0x0000000085500000)
 Metaspace       used 22401K, capacity 23958K, committed 24112K, reserved 1071104K
  class space    used 2961K, capacity 3263K, committed 3376K, reserved 1048576K
Event: 1.897 GC heap after
Heap after GC invocations=6 (full 1):
 PSYoungGen      total 38400K, used 3937K [0x00000000d5f00000, 0x00000000da480000, 0x0000000100000000)
  eden space 33280K, 0% used [0x00000000d5f00000,0x00000000d5f00000,0x00000000d7f80000)
  from space 5120K, 76% used [0x00000000d7f80000,0x00000000d83584d8,0x00000000d8480000)
  to   space 9216K, 0% used [0x00000000d9b80000,0x00000000d9b80000,0x00000000da480000)
 ParOldGen       total 58368K, used 7553K [0x0000000081c00000, 0x0000000085500000, 0x00000000d5f00000)
  object space 58368K, 12% used [0x0000000081c00000,0x0000000082360548,0x0000000085500000)
 Metaspace       used 22401K, capacity 23958K, committed 24112K, reserved 1071104K
  class space    used 2961K, capacity 3263K, committed 3376K, reserved 1048576K
}
Event: 2.504 GC heap before
{Heap before GC invocations=7 (full 1):
 PSYoungGen      total 38400K, used 37217K [0x00000000d5f00000, 0x00000000da480000, 0x0000000100000000)
  eden space 33280K, 100% used [0x00000000d5f00000,0x00000000d7f80000,0x00000000d7f80000)
  from space 5120K, 76% used [0x00000000d7f80000,0x00000000d83584d8,0x00000000d8480000)
  to   space 9216K, 0% used [0x00000000d9b80000,0x00000000d9b80000,0x00000000da480000)
 ParOldGen       total 58368K, used 7565K [0x0000000081c00000, 0x0000000085500000, 0x00000000d5f00000)
  object space 58368K, 12% used [0x0000000081c00000,0x0000000082363518,0x0000000085500000)
 Metaspace       used 24232K, capacity 25990K, committed 26160K, reserved 1071104K
  class space    used 3180K, capacity 3527K, committed 3632K, reserved 1048576K
Event: 2.511 GC heap after
Heap after GC invocations=7 (full 1):
 PSYoungGen      total 59904K, used 4097K [0x00000000d5f00000, 0x00000000da380000, 0x0000000100000000)
  eden space 51712K, 0% used [0x00000000d5f00000,0x00000000d5f00000,0x00000000d9180000)
  from space 8192K, 50% used [0x00000000d9b80000,0x00000000d9f80710,0x00000000da380000)
  to   space 9216K, 0% used [0x00000000d9180000,0x00000000d9180000,0x00000000d9a80000)
 ParOldGen       total 58368K, used 7573K [0x0000000081c00000, 0x0000000085500000, 0x00000000d5f00000)
  object space 58368K, 12% used [0x0000000081c00000,0x0000000082365518,0x0000000085500000)
 Metaspace       used 24232K, capacity 25990K, committed 26160K, reserved 1071104K
  class space    used 3180K, capacity 3527K, committed 3632K, reserved 1048576K
}

